2023-11-13T09:27:38.019+09:00  INFO 67605 --- [restartedMain] com.lnt.priros.PrirosApplication         : Starting PrirosApplication using Java 17.0.8.1 with PID 67605 (/Users/eulyoungjung/IdeaProjects/priros-api/target/classes started by eulyoungjung in /Users/eulyoungjung/IdeaProjects/priros-api)
2023-11-13T09:27:38.021+09:00  INFO 67605 --- [restartedMain] com.lnt.priros.PrirosApplication         : The following 3 profiles are active: "local", "local-db", "common"
2023-11-13T09:27:38.040+09:00  INFO 67605 --- [restartedMain] .e.DevToolsPropertyDefaultsPostProcessor : Devtools property defaults active! Set 'spring.devtools.add-properties' to 'false' to disable
2023-11-13T09:27:38.040+09:00  INFO 67605 --- [restartedMain] .e.DevToolsPropertyDefaultsPostProcessor : For additional web related logging consider setting the 'logging.level.web' property to 'DEBUG'
2023-11-13T09:27:38.319+09:00  INFO 67605 --- [restartedMain] .s.d.r.c.RepositoryConfigurationDelegate : Bootstrapping Spring Data JDBC repositories in DEFAULT mode.
2023-11-13T09:27:38.327+09:00  INFO 67605 --- [restartedMain] .s.d.r.c.RepositoryConfigurationDelegate : Finished Spring Data repository scanning in 5 ms. Found 0 JDBC repository interfaces.
2023-11-13T09:27:38.616+09:00  INFO 67605 --- [restartedMain] o.s.b.w.embedded.tomcat.TomcatWebServer  : Tomcat initialized with port(s): 8080 (http)
2023-11-13T09:27:38.620+09:00  INFO 67605 --- [restartedMain] o.apache.catalina.core.StandardService   : Starting service [Tomcat]
2023-11-13T09:27:38.620+09:00  INFO 67605 --- [restartedMain] o.apache.catalina.core.StandardEngine    : Starting Servlet engine: [Apache Tomcat/10.1.15]
2023-11-13T09:27:38.644+09:00  INFO 67605 --- [restartedMain] o.a.c.c.C.[Tomcat].[localhost].[/]       : Initializing Spring embedded WebApplicationContext
2023-11-13T09:27:38.645+09:00  INFO 67605 --- [restartedMain] w.s.c.ServletWebServerApplicationContext : Root WebApplicationContext: initialization completed in 605 ms
2023-11-13T09:27:38.868+09:00  INFO 67605 --- [restartedMain] f.a.AutowiredAnnotationBeanPostProcessor : Autowired annotation is not supported on static fields: public static java.lang.String com.lnt.priros.service.ApplyFirmService.FIRM_LICENSE_FILE_PATH
2023-11-13T09:27:38.884+09:00  INFO 67605 --- [restartedMain] f.a.AutowiredAnnotationBeanPostProcessor : Autowired annotation is not supported on static fields: public static java.lang.String com.lnt.priros.controller.AuthenticateController.FIRM_LICENSE_FILE_PATH
2023-11-13T09:27:38.884+09:00  INFO 67605 --- [restartedMain] f.a.AutowiredAnnotationBeanPostProcessor : Autowired annotation is not supported on static fields: public static java.lang.String com.lnt.priros.controller.AuthenticateController.PROFILE
2023-11-13T09:27:38.977+09:00 DEBUG 67605 --- [restartedMain] s.w.s.m.m.a.RequestMappingHandlerMapping : 15 mappings in 'requestMappingHandlerMapping'
2023-11-13T09:27:39.029+09:00 DEBUG 67605 --- [restartedMain] o.s.w.s.handler.SimpleUrlHandlerMapping  : Patterns [/webjars/**, /**] in 'resourceHandlerMapping'
2023-11-13T09:27:39.061+09:00  INFO 67605 --- [restartedMain] o.s.s.web.DefaultSecurityFilterChain     : Will secure any request with [org.springframework.security.web.session.DisableEncodeUrlFilter@3af9167d, org.springframework.security.web.context.request.async.WebAsyncManagerIntegrationFilter@4ecd9fd5, org.springframework.security.web.context.SecurityContextHolderFilter@3ebeb7cc, org.springframework.security.web.header.HeaderWriterFilter@7e4d9cd8, org.springframework.security.web.authentication.logout.LogoutFilter@3c6f06cf, com.lnt.priros.jwt.AuthTokenFilter@3bb1a8b3, org.springframework.security.web.savedrequest.RequestCacheAwareFilter@41c10445, org.springframework.security.web.servletapi.SecurityContextHolderAwareRequestFilter@1df76b93, org.springframework.security.web.authentication.AnonymousAuthenticationFilter@11427a97, org.springframework.security.web.session.SessionManagementFilter@5e31bef6, org.springframework.security.web.access.ExceptionTranslationFilter@2dc07852, org.springframework.security.web.access.intercept.AuthorizationFilter@58f586b9]
2023-11-13T09:27:39.094+09:00 DEBUG 67605 --- [restartedMain] s.w.s.m.m.a.RequestMappingHandlerAdapter : ControllerAdvice beans: 0 @ModelAttribute, 0 @InitBinder, 1 RequestBodyAdvice, 1 ResponseBodyAdvice
2023-11-13T09:27:39.119+09:00 DEBUG 67605 --- [restartedMain] .m.m.a.ExceptionHandlerExceptionResolver : ControllerAdvice beans: 1 @ExceptionHandler, 1 ResponseBodyAdvice
2023-11-13T09:27:39.175+09:00  INFO 67605 --- [restartedMain] com.zaxxer.hikari.HikariDataSource       : HikariPool-1 - Starting...
2023-11-13T09:27:39.336+09:00  INFO 67605 --- [restartedMain] com.zaxxer.hikari.pool.HikariPool        : HikariPool-1 - Added connection net.sf.log4jdbc.sql.jdbcapi.ConnectionSpy@5c2467f6
2023-11-13T09:27:39.336+09:00  INFO 67605 --- [restartedMain] com.zaxxer.hikari.HikariDataSource       : HikariPool-1 - Start completed.
2023-11-13T09:27:39.417+09:00  INFO 67605 --- [restartedMain] o.s.b.d.a.OptionalLiveReloadServer       : LiveReload server is running on port 35729
2023-11-13T09:27:39.435+09:00  INFO 67605 --- [restartedMain] o.s.b.w.embedded.tomcat.TomcatWebServer  : Tomcat started on port(s): 8080 (http) with context path ''
2023-11-13T09:27:39.455+09:00  INFO 67605 --- [restartedMain] jdbc.sqlonly                             : select (select count(1)
            from user
            where useFlag <> 'N'
              and position in ('법무사', '변호사'))                     as userCnt
         , (select count(1) from trade_case tc)                   as totalCnt
         , (select count(1)
            from trade_case tc
            where tc.created >= DATE_ADD(now(), INTERVAL -6 DAY)) as recentCaseCnt

2023-11-13T09:27:39.461+09:00  INFO 67605 --- [restartedMain] jdbc.sqltiming                           : select (select count(1)
            from user
            where useFlag <> 'N'
              and position in ('법무사', '변호사'))                     as userCnt
         , (select count(1) from trade_case tc)                   as totalCnt
         , (select count(1)
            from trade_case tc
            where tc.created >= DATE_ADD(now(), INTERVAL -6 DAY)) as recentCaseCnt
 {executed in 6 msec}
2023-11-13T09:27:39.466+09:00  INFO 67605 --- [restartedMain] jdbc.resultsettable                      : 
|--------|---------|--------------|
|usercnt |totalcnt |recentcasecnt |
|--------|---------|--------------|
|36      |330      |0             |
|--------|---------|--------------|

2023-11-13T09:27:39.466+09:00  INFO 67605 --- [restartedMain] jdbc.sqlonly                             : select *
    from board
    where noticePopupFlag = 'Y'
      and useFlag = 'Y'
      and helpCenter = 'Y'
    order by boardId desc

2023-11-13T09:27:39.469+09:00  INFO 67605 --- [restartedMain] jdbc.sqltiming                           : select *
    from board
    where noticePopupFlag = 'Y'
      and useFlag = 'Y'
      and helpCenter = 'Y'
    order by boardId desc
 {executed in 3 msec}
2023-11-13T09:27:39.474+09:00  INFO 67605 --- [restartedMain] jdbc.resultsettable                      : 
|--------|--------------|----------|------------|-----------------------|------------------------------------------------------------------------------------------------------------------------------------------------------------------------------------------------------------------------------------------------------------------------------------------------------------------------------------------------------------------------------------------------------------------------------------------------------------------------------------------------------------------------------------------------------------------------------------------------------------------------------------------------------------------------------------------------------------------------------------------------------------------------------------------------------------------------------------------------------------------------------------------------------------------------------------------------------------------------------------------------------------------------------------------------------------------------------------------|----------------|-----------|--------------|------------|----------------|--------------|-----------|-----------------|-----|--------|---------|---------|
|boardid |parentboardid |boardtype |contenttype |title                  |content                                                                                                                                                                                                                                                                                                                                                                                                                                                                                                                                                                                                                                                                                                                                                                                                                                                                                                                                                                                                                                                                                   |boardnoticetype |helpcenter |noticestartdt |noticeenddt |noticepopupflag |adminuserflag |boardorder |userid           |hits |useflag |created  |updated  |
|--------|--------------|----------|------------|-----------------------|------------------------------------------------------------------------------------------------------------------------------------------------------------------------------------------------------------------------------------------------------------------------------------------------------------------------------------------------------------------------------------------------------------------------------------------------------------------------------------------------------------------------------------------------------------------------------------------------------------------------------------------------------------------------------------------------------------------------------------------------------------------------------------------------------------------------------------------------------------------------------------------------------------------------------------------------------------------------------------------------------------------------------------------------------------------------------------------|----------------|-----------|--------------|------------|----------------|--------------|-----------|-----------------|-----|--------|---------|---------|
|68      |0             |01        |null        |공지 테스트                 |<p>공지 테스트</p>                                                                                                                                                                                                                                                                                                                                                                                                                                                                                                                                                                                                                                                                                                                                                                                                                                                                                                                                                                                                                                                                             |0100            |Y          |[unread]      |[unread]    |Y               |Y             |0          |prirosSuperAdmin |0    |Y       |[unread] |[unread] |
|65      |0             |02        |0201        |사건수임에 수수료가 있나요?        |<p>우리 마켓은,</p><p>업무의 수행이 필요한 당사자 간의 선순환과 확장을 목표로 합니다.</p><p>사건을 수임하는 회원은 사건 수임에 대해 지불할 비용이 없습니다.</p><p>자유롭게 이용하세요.</p>                                                                                                                                                                                                                                                                                                                                                                                                                                                                                                                                                                                                                                                                                                                                                                                                                                                                                                                                                                    |null            |Y          |[unread]      |[unread]    |Y               |Y             |3          |admin            |0    |Y       |[unread] |[unread] |
|59      |0             |02        |0202        |마켓은 누구나 가입할 수 있나요?     |<p>마켓은 사업자등록을 한 전문자격자라면 누구나 가입할 수 있습니다.</p><p>구성원 전문가, 소속 사무원은 회원가입후 사용자로 등록하게 됩니다.</p><p><br></p><p>우리 마켓은,</p><p>사용환경 상 전문자격자가 사건의 수임부터 관리까지 항상 직접 지배해야 합니다.</p><p>명의대여, 영업사무원의 가입은 허용되지 않으며,&nbsp;</p><p>이상활동이 확인 될 경우, 회원활동이 정지될 수 있습니다.</p>                                                                                                                                                                                                                                                                                                                                                                                                                                                                                                                                                                                                                                                                                                                                                                                                                                          |null            |Y          |[unread]      |[unread]    |Y               |Y             |1          |admin            |0    |Y       |[unread] |[unread] |
|53      |0             |01        |null        |카카오뱅크 협약회원 및 일반회원 가입안내 |<p class="0" style="line-height: 1;">카카오뱅크와 협약을 맺고<span lang="EN-US" style="">, </span>회원가입을 신청한 경우<span lang="EN-US" style="">,</span></p><p class="0" style="line-height: 1;">카카오뱅크 협약명단 등록확인 후 가입승인을 보내드립니다<span lang="EN-US" style="">.</span></p><p class="0" style="line-height: 1;">  <!--[if !supportEmptyParas]-->&nbsp;<!--[endif]-->  <o:p></o:p></p><p class="0" style="">가입승인은 통상 <span lang="EN-US" style="">2~3</span>일 이내에 처리됩니다<span lang="EN-US" style="">.</span></p><p class="0" style="">가입승인 알림톡 또는 문자를 수신한 이후에 계정<span lang="EN-US" style="">(ID)</span>을 생성해주세요<span lang="EN-US" style="">.</span></p><p class="0" style="">  <!--[if !supportEmptyParas]-->&nbsp;<!--[endif]-->  <o:p></o:p></p><p class="0" style="">이화 함께<span lang="EN-US" style="">, </span></p><p class="0" style=""><span style="background-color: rgb(255, 239, 198);">카카오뱅크 협약회원의 모집완료 시 까지<span lang="EN-US" style="">, </span>일반회원의 모집이 중단</span>되며<span lang="EN-US" style="">, </span></p><p class="0" style="">일반회원 모집 시기는 별도의 공지로 안내하겠습니다<span lang="EN-US" style="">.</span></p> |0102            |Y          |[unread]      |[unread]    |Y               |Y             |0          |admin            |0    |Y       |[unread] |[unread] |
|50      |0             |01        |null        |사건수임 상한제도 안내           |<p class="0" style="">우리 마켓은<span lang="EN-US" style="">, </span></p><p class="0" style="">고객에 대한 서비스업무의 질적 제고와 회원 간 많은 기회의 제공을 위해</p><p class="0" style=""><span style="background-color: rgb(255, 239, 198);">회원 및 그 소속 사용자 수의 <span lang="EN-US" style="">2</span>배수</span>에 한하여 사건을 수임할 수 있습니다<span lang="EN-US" style="">.</span></p><p class="0" style="">무리한 사용자 등록과 사건의 수임으로 서비스 업무의 질적 저하가 누적될 경우</p><p class="0" style="">마켓이용에 불이익이 발생할 수 있습니다<span lang="EN-US" style="">.</span></p><p class="0" style="">최상의 조건으로 업무를 수행할 수 있도록 수임사건의 수를 관리해주세요<span lang="EN-US">.</span></p><p class="0">  <!--[if !supportEmptyParas]-->&nbsp;<!--[endif]-->  <o:p></o:p></p>                                                                                                                                                                                                                                                                                                                                                                                                            |0101            |Y          |[unread]      |[unread]    |Y               |Y             |0          |admin            |0    |Y       |[unread] |[unread] |
|--------|--------------|----------|------------|-----------------------|------------------------------------------------------------------------------------------------------------------------------------------------------------------------------------------------------------------------------------------------------------------------------------------------------------------------------------------------------------------------------------------------------------------------------------------------------------------------------------------------------------------------------------------------------------------------------------------------------------------------------------------------------------------------------------------------------------------------------------------------------------------------------------------------------------------------------------------------------------------------------------------------------------------------------------------------------------------------------------------------------------------------------------------------------------------------------------------|----------------|-----------|--------------|------------|----------------|--------------|-----------|-----------------|-----|--------|---------|---------|

2023-11-13T09:27:39.476+09:00  INFO 67605 --- [restartedMain] com.lnt.priros.PrirosApplication         : Started PrirosApplication in 1.662 seconds (process running for 2.099)
2023-11-13T09:28:14.611+09:00  INFO 67605 --- [http-nio-8080-exec-1] o.a.c.c.C.[Tomcat].[localhost].[/]       : Initializing Spring DispatcherServlet 'dispatcherServlet'
2023-11-13T09:28:14.613+09:00  INFO 67605 --- [http-nio-8080-exec-1] o.s.web.servlet.DispatcherServlet        : Initializing Servlet 'dispatcherServlet'
2023-11-13T09:28:14.615+09:00 DEBUG 67605 --- [http-nio-8080-exec-1] o.s.web.servlet.DispatcherServlet        : Detected StandardServletMultipartResolver
2023-11-13T09:28:14.616+09:00 DEBUG 67605 --- [http-nio-8080-exec-1] o.s.web.servlet.DispatcherServlet        : Detected AcceptHeaderLocaleResolver
2023-11-13T09:28:14.616+09:00 DEBUG 67605 --- [http-nio-8080-exec-1] o.s.web.servlet.DispatcherServlet        : Detected FixedThemeResolver
2023-11-13T09:28:14.624+09:00 DEBUG 67605 --- [http-nio-8080-exec-1] o.s.web.servlet.DispatcherServlet        : Detected org.springframework.web.servlet.view.DefaultRequestToViewNameTranslator@59b38cb9
2023-11-13T09:28:14.624+09:00 DEBUG 67605 --- [http-nio-8080-exec-1] o.s.web.servlet.DispatcherServlet        : Detected org.springframework.web.servlet.support.SessionFlashMapManager@b76137a
2023-11-13T09:28:14.625+09:00 DEBUG 67605 --- [http-nio-8080-exec-1] o.s.web.servlet.DispatcherServlet        : enableLoggingRequestDetails='false': request parameters and headers will be masked to prevent unsafe logging of potentially sensitive data
2023-11-13T09:28:14.625+09:00  INFO 67605 --- [http-nio-8080-exec-1] o.s.web.servlet.DispatcherServlet        : Completed initialization in 11 ms
2023-11-13T09:28:14.656+09:00 DEBUG 67605 --- [http-nio-8080-exec-1] s.w.s.m.m.a.RequestMappingHandlerMapping : Mapped to com.lnt.priros.controller.IntroController#intro()
2023-11-13T09:28:14.657+09:00 DEBUG 67605 --- [http-nio-8080-exec-1] s.w.s.m.m.a.RequestMappingHandlerMapping : Mapped to com.lnt.priros.controller.IntroController#intro()
2023-11-13T09:28:14.658+09:00 DEBUG 67605 --- [http-nio-8080-exec-1] s.w.s.m.m.a.RequestMappingHandlerMapping : Mapped to com.lnt.priros.controller.IntroController#intro()
2023-11-13T09:28:14.658+09:00 DEBUG 67605 --- [http-nio-8080-exec-1] s.w.s.m.m.a.RequestMappingHandlerMapping : Mapped to com.lnt.priros.controller.IntroController#intro()
2023-11-13T09:28:14.660+09:00 DEBUG 67605 --- [http-nio-8080-exec-1] o.s.web.servlet.DispatcherServlet        : GET "/intro", parameters={}
2023-11-13T09:28:14.660+09:00 DEBUG 67605 --- [http-nio-8080-exec-1] s.w.s.m.m.a.RequestMappingHandlerMapping : Mapped to com.lnt.priros.controller.IntroController#intro()
2023-11-13T09:28:14.692+09:00 DEBUG 67605 --- [http-nio-8080-exec-1] m.m.a.RequestResponseBodyMethodProcessor : Using 'application/json', given [*/*] and supported [application/json, application/*+json, application/xml;charset=UTF-8, text/xml;charset=UTF-8, application/*+xml;charset=UTF-8]
2023-11-13T09:28:14.693+09:00 DEBUG 67605 --- [http-nio-8080-exec-1] m.m.a.RequestResponseBodyMethodProcessor : Writing [com.lnt.priros.model.response.IntroResponse@7494056b]
2023-11-13T09:28:14.705+09:00 DEBUG 67605 --- [http-nio-8080-exec-1] o.s.web.servlet.DispatcherServlet        : Completed 200 OK
2023-11-13T09:28:14.707+09:00 DEBUG 67605 --- [http-nio-8080-exec-2] s.w.s.m.m.a.RequestMappingHandlerMapping : Mapped to com.lnt.priros.controller.IntroController#intro()
2023-11-13T09:28:14.707+09:00 DEBUG 67605 --- [http-nio-8080-exec-2] s.w.s.m.m.a.RequestMappingHandlerMapping : Mapped to com.lnt.priros.controller.IntroController#intro()
2023-11-13T09:28:14.707+09:00 DEBUG 67605 --- [http-nio-8080-exec-2] s.w.s.m.m.a.RequestMappingHandlerMapping : Mapped to com.lnt.priros.controller.IntroController#intro()
2023-11-13T09:28:14.707+09:00 DEBUG 67605 --- [http-nio-8080-exec-2] s.w.s.m.m.a.RequestMappingHandlerMapping : Mapped to com.lnt.priros.controller.IntroController#intro()
2023-11-13T09:28:14.708+09:00 DEBUG 67605 --- [http-nio-8080-exec-2] o.s.web.servlet.DispatcherServlet        : GET "/intro", parameters={}
2023-11-13T09:28:14.708+09:00 DEBUG 67605 --- [http-nio-8080-exec-2] s.w.s.m.m.a.RequestMappingHandlerMapping : Mapped to com.lnt.priros.controller.IntroController#intro()
2023-11-13T09:28:14.708+09:00 DEBUG 67605 --- [http-nio-8080-exec-2] m.m.a.RequestResponseBodyMethodProcessor : Using 'application/json', given [*/*] and supported [application/json, application/*+json, application/xml;charset=UTF-8, text/xml;charset=UTF-8, application/*+xml;charset=UTF-8]
2023-11-13T09:28:14.708+09:00 DEBUG 67605 --- [http-nio-8080-exec-2] m.m.a.RequestResponseBodyMethodProcessor : Writing [com.lnt.priros.model.response.IntroResponse@7494056b]
2023-11-13T09:28:14.709+09:00 DEBUG 67605 --- [http-nio-8080-exec-2] o.s.web.servlet.DispatcherServlet        : Completed 200 OK
2023-11-13T09:32:45.753+09:00 DEBUG 67605 --- [http-nio-8080-exec-5] s.w.s.m.m.a.RequestMappingHandlerMapping : Mapped to com.lnt.priros.controller.IntroController#intro()
2023-11-13T09:32:45.756+09:00 DEBUG 67605 --- [http-nio-8080-exec-5] s.w.s.m.m.a.RequestMappingHandlerMapping : Mapped to com.lnt.priros.controller.IntroController#intro()
2023-11-13T09:32:45.756+09:00 DEBUG 67605 --- [http-nio-8080-exec-5] s.w.s.m.m.a.RequestMappingHandlerMapping : Mapped to com.lnt.priros.controller.IntroController#intro()
2023-11-13T09:32:45.756+09:00 DEBUG 67605 --- [http-nio-8080-exec-5] s.w.s.m.m.a.RequestMappingHandlerMapping : Mapped to com.lnt.priros.controller.IntroController#intro()
2023-11-13T09:32:45.757+09:00 DEBUG 67605 --- [http-nio-8080-exec-5] o.s.web.servlet.DispatcherServlet        : GET "/intro", parameters={}
2023-11-13T09:32:45.757+09:00 DEBUG 67605 --- [http-nio-8080-exec-5] s.w.s.m.m.a.RequestMappingHandlerMapping : Mapped to com.lnt.priros.controller.IntroController#intro()
2023-11-13T09:32:45.762+09:00 DEBUG 67605 --- [http-nio-8080-exec-5] m.m.a.RequestResponseBodyMethodProcessor : Using 'application/json', given [*/*] and supported [application/json, application/*+json, application/xml;charset=UTF-8, text/xml;charset=UTF-8, application/*+xml;charset=UTF-8]
2023-11-13T09:32:45.762+09:00 DEBUG 67605 --- [http-nio-8080-exec-5] m.m.a.RequestResponseBodyMethodProcessor : Writing [com.lnt.priros.model.response.IntroResponse@7494056b]
2023-11-13T09:32:45.769+09:00 DEBUG 67605 --- [http-nio-8080-exec-5] o.s.web.servlet.DispatcherServlet        : Completed 200 OK
2023-11-13T09:32:45.774+09:00 DEBUG 67605 --- [http-nio-8080-exec-6] s.w.s.m.m.a.RequestMappingHandlerMapping : Mapped to com.lnt.priros.controller.IntroController#intro()
2023-11-13T09:32:45.774+09:00 DEBUG 67605 --- [http-nio-8080-exec-6] s.w.s.m.m.a.RequestMappingHandlerMapping : Mapped to com.lnt.priros.controller.IntroController#intro()
2023-11-13T09:32:45.774+09:00 DEBUG 67605 --- [http-nio-8080-exec-6] s.w.s.m.m.a.RequestMappingHandlerMapping : Mapped to com.lnt.priros.controller.IntroController#intro()
2023-11-13T09:32:45.774+09:00 DEBUG 67605 --- [http-nio-8080-exec-6] s.w.s.m.m.a.RequestMappingHandlerMapping : Mapped to com.lnt.priros.controller.IntroController#intro()
2023-11-13T09:32:45.774+09:00 DEBUG 67605 --- [http-nio-8080-exec-6] o.s.web.servlet.DispatcherServlet        : GET "/intro", parameters={}
2023-11-13T09:32:45.775+09:00 DEBUG 67605 --- [http-nio-8080-exec-6] s.w.s.m.m.a.RequestMappingHandlerMapping : Mapped to com.lnt.priros.controller.IntroController#intro()
2023-11-13T09:32:45.775+09:00 DEBUG 67605 --- [http-nio-8080-exec-6] m.m.a.RequestResponseBodyMethodProcessor : Using 'application/json', given [*/*] and supported [application/json, application/*+json, application/xml;charset=UTF-8, text/xml;charset=UTF-8, application/*+xml;charset=UTF-8]
2023-11-13T09:32:45.775+09:00 DEBUG 67605 --- [http-nio-8080-exec-6] m.m.a.RequestResponseBodyMethodProcessor : Writing [com.lnt.priros.model.response.IntroResponse@7494056b]
2023-11-13T09:32:45.788+09:00 DEBUG 67605 --- [http-nio-8080-exec-6] o.s.web.servlet.DispatcherServlet        : Completed 200 OK
2023-11-13T09:35:47.330+09:00 DEBUG 67605 --- [http-nio-8080-exec-8] s.w.s.m.m.a.RequestMappingHandlerMapping : Mapped to com.lnt.priros.controller.IntroController#intro()
2023-11-13T09:35:47.341+09:00 DEBUG 67605 --- [http-nio-8080-exec-8] s.w.s.m.m.a.RequestMappingHandlerMapping : Mapped to com.lnt.priros.controller.IntroController#intro()
2023-11-13T09:35:47.341+09:00 DEBUG 67605 --- [http-nio-8080-exec-8] s.w.s.m.m.a.RequestMappingHandlerMapping : Mapped to com.lnt.priros.controller.IntroController#intro()
2023-11-13T09:35:47.342+09:00 DEBUG 67605 --- [http-nio-8080-exec-8] s.w.s.m.m.a.RequestMappingHandlerMapping : Mapped to com.lnt.priros.controller.IntroController#intro()
2023-11-13T09:35:47.343+09:00 DEBUG 67605 --- [http-nio-8080-exec-8] o.s.web.servlet.DispatcherServlet        : GET "/intro", parameters={}
2023-11-13T09:35:47.344+09:00 DEBUG 67605 --- [http-nio-8080-exec-8] s.w.s.m.m.a.RequestMappingHandlerMapping : Mapped to com.lnt.priros.controller.IntroController#intro()
2023-11-13T09:35:47.347+09:00 DEBUG 67605 --- [http-nio-8080-exec-8] m.m.a.RequestResponseBodyMethodProcessor : Using 'application/json', given [*/*] and supported [application/json, application/*+json, application/xml;charset=UTF-8, text/xml;charset=UTF-8, application/*+xml;charset=UTF-8]
2023-11-13T09:35:47.348+09:00 DEBUG 67605 --- [http-nio-8080-exec-8] m.m.a.RequestResponseBodyMethodProcessor : Writing [com.lnt.priros.model.response.IntroResponse@7494056b]
2023-11-13T09:35:47.350+09:00 DEBUG 67605 --- [http-nio-8080-exec-8] o.s.web.servlet.DispatcherServlet        : Completed 200 OK
2023-11-13T09:35:47.356+09:00 DEBUG 67605 --- [http-nio-8080-exec-9] s.w.s.m.m.a.RequestMappingHandlerMapping : Mapped to com.lnt.priros.controller.IntroController#intro()
2023-11-13T09:35:47.357+09:00 DEBUG 67605 --- [http-nio-8080-exec-9] s.w.s.m.m.a.RequestMappingHandlerMapping : Mapped to com.lnt.priros.controller.IntroController#intro()
2023-11-13T09:35:47.357+09:00 DEBUG 67605 --- [http-nio-8080-exec-9] s.w.s.m.m.a.RequestMappingHandlerMapping : Mapped to com.lnt.priros.controller.IntroController#intro()
2023-11-13T09:35:47.357+09:00 DEBUG 67605 --- [http-nio-8080-exec-9] s.w.s.m.m.a.RequestMappingHandlerMapping : Mapped to com.lnt.priros.controller.IntroController#intro()
2023-11-13T09:35:47.357+09:00 DEBUG 67605 --- [http-nio-8080-exec-9] o.s.web.servlet.DispatcherServlet        : GET "/intro", parameters={}
2023-11-13T09:35:47.357+09:00 DEBUG 67605 --- [http-nio-8080-exec-9] s.w.s.m.m.a.RequestMappingHandlerMapping : Mapped to com.lnt.priros.controller.IntroController#intro()
2023-11-13T09:35:47.357+09:00 DEBUG 67605 --- [http-nio-8080-exec-9] m.m.a.RequestResponseBodyMethodProcessor : Using 'application/json', given [*/*] and supported [application/json, application/*+json, application/xml;charset=UTF-8, text/xml;charset=UTF-8, application/*+xml;charset=UTF-8]
2023-11-13T09:35:47.357+09:00 DEBUG 67605 --- [http-nio-8080-exec-9] m.m.a.RequestResponseBodyMethodProcessor : Writing [com.lnt.priros.model.response.IntroResponse@7494056b]
2023-11-13T09:35:47.358+09:00 DEBUG 67605 --- [http-nio-8080-exec-9] o.s.web.servlet.DispatcherServlet        : Completed 200 OK
2023-11-13T09:38:48.764+09:00 DEBUG 67605 --- [http-nio-8080-exec-1] s.w.s.m.m.a.RequestMappingHandlerMapping : Mapped to com.lnt.priros.controller.IntroController#intro()
2023-11-13T09:38:48.766+09:00 DEBUG 67605 --- [http-nio-8080-exec-1] s.w.s.m.m.a.RequestMappingHandlerMapping : Mapped to com.lnt.priros.controller.IntroController#intro()
2023-11-13T09:38:48.766+09:00 DEBUG 67605 --- [http-nio-8080-exec-1] s.w.s.m.m.a.RequestMappingHandlerMapping : Mapped to com.lnt.priros.controller.IntroController#intro()
2023-11-13T09:38:48.767+09:00 DEBUG 67605 --- [http-nio-8080-exec-1] s.w.s.m.m.a.RequestMappingHandlerMapping : Mapped to com.lnt.priros.controller.IntroController#intro()
2023-11-13T09:38:48.767+09:00 DEBUG 67605 --- [http-nio-8080-exec-1] o.s.web.servlet.DispatcherServlet        : GET "/intro", parameters={}
2023-11-13T09:38:48.768+09:00 DEBUG 67605 --- [http-nio-8080-exec-1] s.w.s.m.m.a.RequestMappingHandlerMapping : Mapped to com.lnt.priros.controller.IntroController#intro()
2023-11-13T09:38:48.770+09:00 DEBUG 67605 --- [http-nio-8080-exec-1] m.m.a.RequestResponseBodyMethodProcessor : Using 'application/json', given [*/*] and supported [application/json, application/*+json, application/xml;charset=UTF-8, text/xml;charset=UTF-8, application/*+xml;charset=UTF-8]
2023-11-13T09:38:48.771+09:00 DEBUG 67605 --- [http-nio-8080-exec-1] m.m.a.RequestResponseBodyMethodProcessor : Writing [com.lnt.priros.model.response.IntroResponse@7494056b]
2023-11-13T09:38:48.773+09:00 DEBUG 67605 --- [http-nio-8080-exec-1] o.s.web.servlet.DispatcherServlet        : Completed 200 OK
2023-11-13T09:38:48.777+09:00 DEBUG 67605 --- [http-nio-8080-exec-2] s.w.s.m.m.a.RequestMappingHandlerMapping : Mapped to com.lnt.priros.controller.IntroController#intro()
2023-11-13T09:38:48.778+09:00 DEBUG 67605 --- [http-nio-8080-exec-2] s.w.s.m.m.a.RequestMappingHandlerMapping : Mapped to com.lnt.priros.controller.IntroController#intro()
2023-11-13T09:38:48.778+09:00 DEBUG 67605 --- [http-nio-8080-exec-2] s.w.s.m.m.a.RequestMappingHandlerMapping : Mapped to com.lnt.priros.controller.IntroController#intro()
2023-11-13T09:38:48.778+09:00 DEBUG 67605 --- [http-nio-8080-exec-2] s.w.s.m.m.a.RequestMappingHandlerMapping : Mapped to com.lnt.priros.controller.IntroController#intro()
2023-11-13T09:38:48.779+09:00 DEBUG 67605 --- [http-nio-8080-exec-2] o.s.web.servlet.DispatcherServlet        : GET "/intro", parameters={}
2023-11-13T09:38:48.779+09:00 DEBUG 67605 --- [http-nio-8080-exec-2] s.w.s.m.m.a.RequestMappingHandlerMapping : Mapped to com.lnt.priros.controller.IntroController#intro()
2023-11-13T09:38:48.779+09:00 DEBUG 67605 --- [http-nio-8080-exec-2] m.m.a.RequestResponseBodyMethodProcessor : Using 'application/json', given [*/*] and supported [application/json, application/*+json, application/xml;charset=UTF-8, text/xml;charset=UTF-8, application/*+xml;charset=UTF-8]
2023-11-13T09:38:48.779+09:00 DEBUG 67605 --- [http-nio-8080-exec-2] m.m.a.RequestResponseBodyMethodProcessor : Writing [com.lnt.priros.model.response.IntroResponse@7494056b]
2023-11-13T09:38:48.780+09:00 DEBUG 67605 --- [http-nio-8080-exec-2] o.s.web.servlet.DispatcherServlet        : Completed 200 OK
2023-11-13T09:41:50.445+09:00 DEBUG 67605 --- [http-nio-8080-exec-4] s.w.s.m.m.a.RequestMappingHandlerMapping : Mapped to com.lnt.priros.controller.IntroController#intro()
2023-11-13T09:41:50.447+09:00 DEBUG 67605 --- [http-nio-8080-exec-4] s.w.s.m.m.a.RequestMappingHandlerMapping : Mapped to com.lnt.priros.controller.IntroController#intro()
2023-11-13T09:41:50.448+09:00 DEBUG 67605 --- [http-nio-8080-exec-4] s.w.s.m.m.a.RequestMappingHandlerMapping : Mapped to com.lnt.priros.controller.IntroController#intro()
2023-11-13T09:41:50.448+09:00 DEBUG 67605 --- [http-nio-8080-exec-4] s.w.s.m.m.a.RequestMappingHandlerMapping : Mapped to com.lnt.priros.controller.IntroController#intro()
2023-11-13T09:41:50.449+09:00 DEBUG 67605 --- [http-nio-8080-exec-4] o.s.web.servlet.DispatcherServlet        : GET "/intro", parameters={}
2023-11-13T09:41:50.449+09:00 DEBUG 67605 --- [http-nio-8080-exec-4] s.w.s.m.m.a.RequestMappingHandlerMapping : Mapped to com.lnt.priros.controller.IntroController#intro()
2023-11-13T09:41:50.457+09:00 DEBUG 67605 --- [http-nio-8080-exec-4] m.m.a.RequestResponseBodyMethodProcessor : Using 'application/json', given [*/*] and supported [application/json, application/*+json, application/xml;charset=UTF-8, text/xml;charset=UTF-8, application/*+xml;charset=UTF-8]
2023-11-13T09:41:50.459+09:00 DEBUG 67605 --- [http-nio-8080-exec-4] m.m.a.RequestResponseBodyMethodProcessor : Writing [com.lnt.priros.model.response.IntroResponse@7494056b]
2023-11-13T09:41:50.468+09:00 DEBUG 67605 --- [http-nio-8080-exec-4] o.s.web.servlet.DispatcherServlet        : Completed 200 OK
2023-11-13T09:41:50.470+09:00 DEBUG 67605 --- [http-nio-8080-exec-5] s.w.s.m.m.a.RequestMappingHandlerMapping : Mapped to com.lnt.priros.controller.IntroController#intro()
2023-11-13T09:41:50.471+09:00 DEBUG 67605 --- [http-nio-8080-exec-5] s.w.s.m.m.a.RequestMappingHandlerMapping : Mapped to com.lnt.priros.controller.IntroController#intro()
2023-11-13T09:41:50.471+09:00 DEBUG 67605 --- [http-nio-8080-exec-5] s.w.s.m.m.a.RequestMappingHandlerMapping : Mapped to com.lnt.priros.controller.IntroController#intro()
2023-11-13T09:41:50.471+09:00 DEBUG 67605 --- [http-nio-8080-exec-5] s.w.s.m.m.a.RequestMappingHandlerMapping : Mapped to com.lnt.priros.controller.IntroController#intro()
2023-11-13T09:41:50.472+09:00 DEBUG 67605 --- [http-nio-8080-exec-5] o.s.web.servlet.DispatcherServlet        : GET "/intro", parameters={}
2023-11-13T09:41:50.472+09:00 DEBUG 67605 --- [http-nio-8080-exec-5] s.w.s.m.m.a.RequestMappingHandlerMapping : Mapped to com.lnt.priros.controller.IntroController#intro()
2023-11-13T09:41:50.472+09:00 DEBUG 67605 --- [http-nio-8080-exec-5] m.m.a.RequestResponseBodyMethodProcessor : Using 'application/json', given [*/*] and supported [application/json, application/*+json, application/xml;charset=UTF-8, text/xml;charset=UTF-8, application/*+xml;charset=UTF-8]
2023-11-13T09:41:50.473+09:00 DEBUG 67605 --- [http-nio-8080-exec-5] m.m.a.RequestResponseBodyMethodProcessor : Writing [com.lnt.priros.model.response.IntroResponse@7494056b]
2023-11-13T09:41:50.474+09:00 DEBUG 67605 --- [http-nio-8080-exec-5] o.s.web.servlet.DispatcherServlet        : Completed 200 OK
2023-11-13T09:42:19.069+09:00 DEBUG 67605 --- [http-nio-8080-exec-8] s.w.s.m.m.a.RequestMappingHandlerMapping : Mapped to com.lnt.priros.controller.IntroController#intro()
2023-11-13T09:42:19.085+09:00 DEBUG 67605 --- [http-nio-8080-exec-8] s.w.s.m.m.a.RequestMappingHandlerMapping : Mapped to com.lnt.priros.controller.IntroController#intro()
2023-11-13T09:42:19.085+09:00 DEBUG 67605 --- [http-nio-8080-exec-8] s.w.s.m.m.a.RequestMappingHandlerMapping : Mapped to com.lnt.priros.controller.IntroController#intro()
2023-11-13T09:42:19.086+09:00 DEBUG 67605 --- [http-nio-8080-exec-8] s.w.s.m.m.a.RequestMappingHandlerMapping : Mapped to com.lnt.priros.controller.IntroController#intro()
2023-11-13T09:42:19.086+09:00 DEBUG 67605 --- [http-nio-8080-exec-8] o.s.web.servlet.DispatcherServlet        : GET "/intro", parameters={}
2023-11-13T09:42:19.087+09:00 DEBUG 67605 --- [http-nio-8080-exec-8] s.w.s.m.m.a.RequestMappingHandlerMapping : Mapped to com.lnt.priros.controller.IntroController#intro()
2023-11-13T09:42:19.088+09:00 DEBUG 67605 --- [http-nio-8080-exec-8] m.m.a.RequestResponseBodyMethodProcessor : Using 'application/json', given [*/*] and supported [application/json, application/*+json, application/xml;charset=UTF-8, text/xml;charset=UTF-8, application/*+xml;charset=UTF-8]
2023-11-13T09:42:19.089+09:00 DEBUG 67605 --- [http-nio-8080-exec-8] m.m.a.RequestResponseBodyMethodProcessor : Writing [com.lnt.priros.model.response.IntroResponse@7494056b]
2023-11-13T09:42:19.091+09:00 DEBUG 67605 --- [http-nio-8080-exec-8] o.s.web.servlet.DispatcherServlet        : Completed 200 OK
2023-11-13T09:42:19.105+09:00 DEBUG 67605 --- [http-nio-8080-exec-9] s.w.s.m.m.a.RequestMappingHandlerMapping : Mapped to com.lnt.priros.controller.IntroController#intro()
2023-11-13T09:42:19.105+09:00 DEBUG 67605 --- [http-nio-8080-exec-9] s.w.s.m.m.a.RequestMappingHandlerMapping : Mapped to com.lnt.priros.controller.IntroController#intro()
2023-11-13T09:42:19.105+09:00 DEBUG 67605 --- [http-nio-8080-exec-9] s.w.s.m.m.a.RequestMappingHandlerMapping : Mapped to com.lnt.priros.controller.IntroController#intro()
2023-11-13T09:42:19.106+09:00 DEBUG 67605 --- [http-nio-8080-exec-9] s.w.s.m.m.a.RequestMappingHandlerMapping : Mapped to com.lnt.priros.controller.IntroController#intro()
2023-11-13T09:42:19.106+09:00 DEBUG 67605 --- [http-nio-8080-exec-9] o.s.web.servlet.DispatcherServlet        : GET "/intro", parameters={}
2023-11-13T09:42:19.106+09:00 DEBUG 67605 --- [http-nio-8080-exec-9] s.w.s.m.m.a.RequestMappingHandlerMapping : Mapped to com.lnt.priros.controller.IntroController#intro()
2023-11-13T09:42:19.107+09:00 DEBUG 67605 --- [http-nio-8080-exec-9] m.m.a.RequestResponseBodyMethodProcessor : Using 'application/json', given [*/*] and supported [application/json, application/*+json, application/xml;charset=UTF-8, text/xml;charset=UTF-8, application/*+xml;charset=UTF-8]
2023-11-13T09:42:19.107+09:00 DEBUG 67605 --- [http-nio-8080-exec-9] m.m.a.RequestResponseBodyMethodProcessor : Writing [com.lnt.priros.model.response.IntroResponse@7494056b]
2023-11-13T09:42:19.110+09:00 DEBUG 67605 --- [http-nio-8080-exec-9] o.s.web.servlet.DispatcherServlet        : Completed 200 OK
2023-11-13T09:43:52.116+09:00 DEBUG 67605 --- [http-nio-8080-exec-1] o.s.w.s.handler.SimpleUrlHandlerMapping  : Mapped to ResourceHttpRequestHandler [classpath [META-INF/resources/], classpath [resources/], classpath [static/], classpath [public/], ServletContext [/]]
2023-11-13T09:43:52.118+09:00 DEBUG 67605 --- [http-nio-8080-exec-1] o.s.w.s.handler.SimpleUrlHandlerMapping  : Mapped to ResourceHttpRequestHandler [classpath [META-INF/resources/], classpath [resources/], classpath [static/], classpath [public/], ServletContext [/]]
2023-11-13T09:43:52.119+09:00 DEBUG 67605 --- [http-nio-8080-exec-1] o.s.w.s.handler.SimpleUrlHandlerMapping  : Mapped to ResourceHttpRequestHandler [classpath [META-INF/resources/], classpath [resources/], classpath [static/], classpath [public/], ServletContext [/]]
2023-11-13T09:43:52.119+09:00 DEBUG 67605 --- [http-nio-8080-exec-1] o.s.w.s.handler.SimpleUrlHandlerMapping  : Mapped to ResourceHttpRequestHandler [classpath [META-INF/resources/], classpath [resources/], classpath [static/], classpath [public/], ServletContext [/]]
2023-11-13T09:43:52.120+09:00 DEBUG 67605 --- [http-nio-8080-exec-1] o.s.w.s.handler.SimpleUrlHandlerMapping  : Mapped to ResourceHttpRequestHandler [classpath [META-INF/resources/], classpath [resources/], classpath [static/], classpath [public/], ServletContext [/]]
2023-11-13T09:43:52.120+09:00 DEBUG 67605 --- [http-nio-8080-exec-1] o.s.w.s.handler.SimpleUrlHandlerMapping  : Mapped to ResourceHttpRequestHandler [classpath [META-INF/resources/], classpath [resources/], classpath [static/], classpath [public/], ServletContext [/]]
2023-11-13T09:43:52.120+09:00 DEBUG 67605 --- [http-nio-8080-exec-1] o.s.w.s.handler.SimpleUrlHandlerMapping  : Mapped to ResourceHttpRequestHandler [classpath [META-INF/resources/], classpath [resources/], classpath [static/], classpath [public/], ServletContext [/]]
2023-11-13T09:45:50.455+09:00 DEBUG 67605 --- [http-nio-8080-exec-3] s.w.s.m.m.a.RequestMappingHandlerMapping : Mapped to com.lnt.priros.controller.IntroController#intro()
2023-11-13T09:45:50.458+09:00 DEBUG 67605 --- [http-nio-8080-exec-3] s.w.s.m.m.a.RequestMappingHandlerMapping : Mapped to com.lnt.priros.controller.IntroController#intro()
2023-11-13T09:45:50.458+09:00 DEBUG 67605 --- [http-nio-8080-exec-3] s.w.s.m.m.a.RequestMappingHandlerMapping : Mapped to com.lnt.priros.controller.IntroController#intro()
2023-11-13T09:45:50.459+09:00 DEBUG 67605 --- [http-nio-8080-exec-3] s.w.s.m.m.a.RequestMappingHandlerMapping : Mapped to com.lnt.priros.controller.IntroController#intro()
2023-11-13T09:45:50.459+09:00 DEBUG 67605 --- [http-nio-8080-exec-3] o.s.web.servlet.DispatcherServlet        : GET "/intro", parameters={}
2023-11-13T09:45:50.460+09:00 DEBUG 67605 --- [http-nio-8080-exec-3] s.w.s.m.m.a.RequestMappingHandlerMapping : Mapped to com.lnt.priros.controller.IntroController#intro()
2023-11-13T09:45:50.462+09:00 DEBUG 67605 --- [http-nio-8080-exec-3] m.m.a.RequestResponseBodyMethodProcessor : Using 'application/json', given [*/*] and supported [application/json, application/*+json, application/xml;charset=UTF-8, text/xml;charset=UTF-8, application/*+xml;charset=UTF-8]
2023-11-13T09:45:50.463+09:00 DEBUG 67605 --- [http-nio-8080-exec-3] m.m.a.RequestResponseBodyMethodProcessor : Writing [com.lnt.priros.model.response.IntroResponse@7494056b]
2023-11-13T09:45:50.466+09:00 DEBUG 67605 --- [http-nio-8080-exec-3] o.s.web.servlet.DispatcherServlet        : Completed 200 OK
2023-11-13T09:45:50.469+09:00 DEBUG 67605 --- [http-nio-8080-exec-4] s.w.s.m.m.a.RequestMappingHandlerMapping : Mapped to com.lnt.priros.controller.IntroController#intro()
2023-11-13T09:45:50.469+09:00 DEBUG 67605 --- [http-nio-8080-exec-4] s.w.s.m.m.a.RequestMappingHandlerMapping : Mapped to com.lnt.priros.controller.IntroController#intro()
2023-11-13T09:45:50.469+09:00 DEBUG 67605 --- [http-nio-8080-exec-4] s.w.s.m.m.a.RequestMappingHandlerMapping : Mapped to com.lnt.priros.controller.IntroController#intro()
2023-11-13T09:45:50.470+09:00 DEBUG 67605 --- [http-nio-8080-exec-4] s.w.s.m.m.a.RequestMappingHandlerMapping : Mapped to com.lnt.priros.controller.IntroController#intro()
2023-11-13T09:45:50.470+09:00 DEBUG 67605 --- [http-nio-8080-exec-4] o.s.web.servlet.DispatcherServlet        : GET "/intro", parameters={}
2023-11-13T09:45:50.471+09:00 DEBUG 67605 --- [http-nio-8080-exec-4] s.w.s.m.m.a.RequestMappingHandlerMapping : Mapped to com.lnt.priros.controller.IntroController#intro()
2023-11-13T09:45:50.471+09:00 DEBUG 67605 --- [http-nio-8080-exec-4] m.m.a.RequestResponseBodyMethodProcessor : Using 'application/json', given [*/*] and supported [application/json, application/*+json, application/xml;charset=UTF-8, text/xml;charset=UTF-8, application/*+xml;charset=UTF-8]
2023-11-13T09:45:50.472+09:00 DEBUG 67605 --- [http-nio-8080-exec-4] m.m.a.RequestResponseBodyMethodProcessor : Writing [com.lnt.priros.model.response.IntroResponse@7494056b]
2023-11-13T09:45:50.472+09:00 DEBUG 67605 --- [http-nio-8080-exec-4] o.s.web.servlet.DispatcherServlet        : Completed 200 OK
2023-11-13T09:58:36.837+09:00 DEBUG 67605 --- [http-nio-8080-exec-7] o.s.w.s.handler.SimpleUrlHandlerMapping  : Mapped to ResourceHttpRequestHandler [classpath [META-INF/resources/], classpath [resources/], classpath [static/], classpath [public/], ServletContext [/]]
2023-11-13T09:58:36.839+09:00 DEBUG 67605 --- [http-nio-8080-exec-7] o.s.w.s.handler.SimpleUrlHandlerMapping  : Mapped to ResourceHttpRequestHandler [classpath [META-INF/resources/], classpath [resources/], classpath [static/], classpath [public/], ServletContext [/]]
2023-11-13T09:58:36.840+09:00 DEBUG 67605 --- [http-nio-8080-exec-7] o.s.w.s.handler.SimpleUrlHandlerMapping  : Mapped to ResourceHttpRequestHandler [classpath [META-INF/resources/], classpath [resources/], classpath [static/], classpath [public/], ServletContext [/]]
2023-11-13T09:58:36.840+09:00 DEBUG 67605 --- [http-nio-8080-exec-7] o.s.w.s.handler.SimpleUrlHandlerMapping  : Mapped to ResourceHttpRequestHandler [classpath [META-INF/resources/], classpath [resources/], classpath [static/], classpath [public/], ServletContext [/]]
2023-11-13T09:58:36.841+09:00 DEBUG 67605 --- [http-nio-8080-exec-7] o.s.w.s.handler.SimpleUrlHandlerMapping  : Mapped to ResourceHttpRequestHandler [classpath [META-INF/resources/], classpath [resources/], classpath [static/], classpath [public/], ServletContext [/]]
2023-11-13T09:58:36.841+09:00 DEBUG 67605 --- [http-nio-8080-exec-7] o.s.w.s.handler.SimpleUrlHandlerMapping  : Mapped to ResourceHttpRequestHandler [classpath [META-INF/resources/], classpath [resources/], classpath [static/], classpath [public/], ServletContext [/]]
2023-11-13T09:58:36.842+09:00 DEBUG 67605 --- [http-nio-8080-exec-7] o.s.w.s.handler.SimpleUrlHandlerMapping  : Mapped to ResourceHttpRequestHandler [classpath [META-INF/resources/], classpath [resources/], classpath [static/], classpath [public/], ServletContext [/]]
2023-11-13T09:58:46.493+09:00 DEBUG 67605 --- [http-nio-8080-exec-9] o.s.w.s.handler.SimpleUrlHandlerMapping  : Mapped to ResourceHttpRequestHandler [classpath [META-INF/resources/], classpath [resources/], classpath [static/], classpath [public/], ServletContext [/]]
2023-11-13T09:58:46.494+09:00 DEBUG 67605 --- [http-nio-8080-exec-9] o.s.w.s.handler.SimpleUrlHandlerMapping  : Mapped to ResourceHttpRequestHandler [classpath [META-INF/resources/], classpath [resources/], classpath [static/], classpath [public/], ServletContext [/]]
2023-11-13T09:58:46.495+09:00 DEBUG 67605 --- [http-nio-8080-exec-9] o.s.w.s.handler.SimpleUrlHandlerMapping  : Mapped to ResourceHttpRequestHandler [classpath [META-INF/resources/], classpath [resources/], classpath [static/], classpath [public/], ServletContext [/]]
2023-11-13T09:58:46.495+09:00 DEBUG 67605 --- [http-nio-8080-exec-9] o.s.w.s.handler.SimpleUrlHandlerMapping  : Mapped to ResourceHttpRequestHandler [classpath [META-INF/resources/], classpath [resources/], classpath [static/], classpath [public/], ServletContext [/]]
2023-11-13T09:58:46.496+09:00 DEBUG 67605 --- [http-nio-8080-exec-9] o.s.w.s.handler.SimpleUrlHandlerMapping  : Mapped to ResourceHttpRequestHandler [classpath [META-INF/resources/], classpath [resources/], classpath [static/], classpath [public/], ServletContext [/]]
2023-11-13T09:58:46.497+09:00 DEBUG 67605 --- [http-nio-8080-exec-9] o.s.w.s.handler.SimpleUrlHandlerMapping  : Mapped to ResourceHttpRequestHandler [classpath [META-INF/resources/], classpath [resources/], classpath [static/], classpath [public/], ServletContext [/]]
2023-11-13T09:58:46.497+09:00 DEBUG 67605 --- [http-nio-8080-exec-9] o.s.w.s.handler.SimpleUrlHandlerMapping  : Mapped to ResourceHttpRequestHandler [classpath [META-INF/resources/], classpath [resources/], classpath [static/], classpath [public/], ServletContext [/]]
2023-11-13T10:06:08.222+09:00  WARN 67605 --- [HikariPool-1 housekeeper] com.zaxxer.hikari.pool.HikariPool        : HikariPool-1 - Thread starvation or clock leap detected (housekeeper delta=53s658ms).
2023-11-13T10:17:55.814+09:00  INFO 67605 --- [SpringApplicationShutdownHook] com.zaxxer.hikari.HikariDataSource       : HikariPool-1 - Shutdown initiated...
2023-11-13T10:17:55.826+09:00  INFO 67605 --- [SpringApplicationShutdownHook] com.zaxxer.hikari.HikariDataSource       : HikariPool-1 - Shutdown completed.
